<?xml version="1.0" encoding="UTF-8"?>
<testng-results skipped="0" failed="0" ignored="0" total="1" passed="1">
  <reporter-output>
  </reporter-output>
  <suite name="BaseClass.TestcaseBase" duration-ms="27765" started-at="2019-12-05T14:16:35 IST" finished-at="2019-12-05T14:17:02 IST">
    <groups>
    </groups>
    <test name="Command line test" duration-ms="27765" started-at="2019-12-05T14:16:35 IST" finished-at="2019-12-05T14:17:02 IST">
      <class name="BaseClass.TestcaseBase">
        <test-method status="PASS" signature="testProperty()[pri:0, instance:BaseClass.TestcaseBase@1e88b3c]" name="testProperty" duration-ms="27725" started-at="2019-12-05T14:16:35 IST" finished-at="2019-12-05T14:17:02 IST">
          <reporter-output>
          </reporter-output>
        </test-method> <!-- testProperty -->
      </class> <!-- BaseClass.TestcaseBase -->
    </test> <!-- Command line test -->
  </suite> <!-- BaseClass.TestcaseBase -->
</testng-results>
